time: 2017-03-27 00:04:15
clearSearchCache: 1
checkHashTable: a:1:{s:12:"generateHash";a:1:{s:5:"cover";i:116811;}}
checkProviders: 1
checkManagers: 1
unBan: 1
archiveSearchStat: 1
syncStyles: 1
checkConcern: 1
resetRoot: 1
generateStaticPages: 1
disableCriticalSettings: a:0:{}
recalcVisitStat: 1
updateTestCustomers: 1
trimDestinationReplace: 1
scanImagesRun: 1
denormalizeProducers: 1
repairCacheSettings: 1
dropTempTablesCurrencyRates: 1
recalcWarehouse: 1
clearTempCustomers: 1


time: 2017-03-27 01:03:44
clearSearchCache: 1
checkHashTable: a:1:{s:12:"generateHash";a:1:{s:5:"cover";i:116812;}}
checkProviders: 1
checkManagers: 1
unBan: 1
archiveSearchStat: 1
syncStyles: 1
checkConcern: 1
resetRoot: 1
generateStaticPages: 1
disableCriticalSettings: a:0:{}
recalcVisitStat: 1
updateTestCustomers: 1
trimDestinationReplace: 1
scanImagesRun: 1
denormalizeProducers: 1
repairCacheSettings: 1
dropTempTablesCurrencyRates: 1
recalcWarehouse: 1
clearTempCustomers: 1


time: 2017-03-27 02:03:59
clearSearchCache: 1
checkHashTable: a:1:{s:12:"generateHash";a:1:{s:5:"cover";i:116813;}}
checkProviders: 1
checkManagers: 1
unBan: 1
archiveSearchStat: 1
syncStyles: 1
checkConcern: 1
resetRoot: 1
generateStaticPages: 1
disableCriticalSettings: a:0:{}
recalcVisitStat: 1
updateTestCustomers: 1
trimDestinationReplace: 1
scanImagesRun: 1
denormalizeProducers: 1
repairCacheSettings: 1
dropTempTablesCurrencyRates: 1
recalcWarehouse: 1
clearTempCustomers: 1


time: 2017-03-27 03:03:49
clearSearchCache: 1
checkHashTable: a:1:{s:12:"generateHash";a:1:{s:5:"cover";i:116814;}}
checkProviders: 1
checkManagers: 1
unBan: 1
archiveSearchStat: 1
syncStyles: 1
checkConcern: 1
resetRoot: 1
generateStaticPages: 1
disableCriticalSettings: a:0:{}
recalcVisitStat: 1
updateTestCustomers: 1
trimDestinationReplace: 1
scanImagesRun: 1
denormalizeProducers: 1
repairCacheSettings: 1
dropTempTablesCurrencyRates: 1
recalcWarehouse: 1
clearTempCustomers: 1


time: 2017-03-27 04:03:33
clearSearchCache: 1
checkHashTable: a:1:{s:12:"generateHash";a:1:{s:5:"cover";i:116815;}}
checkProviders: 1
checkManagers: 1
unBan: 1
archiveSearchStat: 1
syncStyles: 1
checkConcern: 1
resetRoot: 1
generateStaticPages: 1
disableCriticalSettings: a:0:{}
recalcVisitStat: 1
updateTestCustomers: 1
trimDestinationReplace: 1
scanImagesRun: 1
denormalizeProducers: 1
repairCacheSettings: 1
dropTempTablesCurrencyRates: 1
recalcWarehouse: 1
clearTempCustomers: 1


time: 2017-03-27 05:04:18
clearSearchCache: 1
checkHashTable: a:1:{s:12:"generateHash";a:1:{s:5:"cover";i:116816;}}
checkProviders: 1
checkManagers: 1
unBan: 1
archiveSearchStat: 1
syncStyles: 1
checkConcern: 1
resetRoot: 1
generateStaticPages: 1
disableCriticalSettings: a:0:{}
recalcVisitStat: 1
updateTestCustomers: 1
trimDestinationReplace: 1
scanImagesRun: 1
denormalizeProducers: 1
repairCacheSettings: 1
dropTempTablesCurrencyRates: 1
recalcWarehouse: 1
clearTempCustomers: 1


time: 2017-03-27 06:03:25
clearSearchCache: 1
checkHashTable: a:1:{s:12:"generateHash";a:1:{s:5:"cover";i:116817;}}
checkProviders: 1
checkManagers: 1
unBan: 1
archiveSearchStat: 1
syncStyles: 1
checkConcern: 1
resetRoot: 1
generateStaticPages: 1
disableCriticalSettings: a:0:{}
recalcVisitStat: 1
updateTestCustomers: 1
trimDestinationReplace: 1
scanImagesRun: 1
denormalizeProducers: 1
repairCacheSettings: 1
dropTempTablesCurrencyRates: 1
recalcWarehouse: 1
clearTempCustomers: 1


time: 2017-03-27 07:04:11
clearSearchCache: 1
checkHashTable: a:1:{s:12:"generateHash";a:1:{s:5:"cover";i:116819;}}
checkProviders: 1
checkManagers: 1
unBan: 1
archiveSearchStat: 1
syncStyles: 1
checkConcern: 1
resetRoot: 1
generateStaticPages: 1
disableCriticalSettings: a:0:{}
recalcVisitStat: 1
updateTestCustomers: 1
trimDestinationReplace: 1
scanImagesRun: 1
denormalizeProducers: 1
repairCacheSettings: 1
dropTempTablesCurrencyRates: 1
recalcWarehouse: 1
clearTempCustomers: 1


time: 2017-03-27 08:03:29
clearSearchCache: 1
checkHashTable: a:1:{s:12:"generateHash";a:1:{s:5:"cover";i:116820;}}
checkProviders: 1
checkManagers: 1
unBan: 1
archiveSearchStat: 1
syncStyles: 1
checkConcern: 1
resetRoot: 1
generateStaticPages: 1
disableCriticalSettings: a:0:{}
recalcVisitStat: 1
updateTestCustomers: 1
trimDestinationReplace: 1
scanImagesRun: 1
denormalizeProducers: 1
repairCacheSettings: 1
dropTempTablesCurrencyRates: 1
recalcWarehouse: 1
clearTempCustomers: 1


time: 2017-03-27 09:03:42
clearSearchCache: 1
checkHashTable: a:1:{s:12:"generateHash";a:1:{s:5:"cover";i:116821;}}
checkProviders: 1
checkManagers: 1
unBan: 1
archiveSearchStat: 1
syncStyles: 1
checkConcern: 1
resetRoot: 1
generateStaticPages: 1
disableCriticalSettings: a:0:{}
recalcVisitStat: 1
updateTestCustomers: 1
trimDestinationReplace: 1
scanImagesRun: 1
denormalizeProducers: 1
repairCacheSettings: 1
dropTempTablesCurrencyRates: 1
recalcWarehouse: 1
clearTempCustomers: 1


time: 2017-03-27 10:03:50
clearSearchCache: 1
checkHashTable: a:1:{s:12:"generateHash";a:1:{s:5:"cover";i:116835;}}
checkProviders: 1
checkManagers: 1
unBan: 1
archiveSearchStat: 1
syncStyles: 1
checkConcern: 1
resetRoot: 1
generateStaticPages: 1
disableCriticalSettings: a:0:{}
recalcVisitStat: 1
updateTestCustomers: 1
trimDestinationReplace: 1
scanImagesRun: 1
denormalizeProducers: 1
repairCacheSettings: 1
dropTempTablesCurrencyRates: 1
recalcWarehouse: 1
clearTempCustomers: 1


time: 2017-03-27 11:03:39
clearSearchCache: 1
checkHashTable: a:1:{s:12:"generateHash";a:1:{s:5:"cover";i:116847;}}
checkProviders: 1
checkManagers: 1
unBan: 1
archiveSearchStat: 1
syncStyles: 1
checkConcern: 1
resetRoot: 1
generateStaticPages: 1
disableCriticalSettings: a:0:{}
recalcVisitStat: 1
updateTestCustomers: 1
trimDestinationReplace: 1
scanImagesRun: 1
denormalizeProducers: 1
repairCacheSettings: 1
dropTempTablesCurrencyRates: 1
recalcWarehouse: 1
clearTempCustomers: 1


time: 2017-03-27 12:04:01
clearSearchCache: 1
checkHashTable: a:1:{s:12:"generateHash";a:1:{s:5:"cover";i:116852;}}
checkProviders: 1
checkManagers: 1
unBan: 1
archiveSearchStat: 1
syncStyles: 1
checkConcern: 1
resetRoot: 1
generateStaticPages: 1
disableCriticalSettings: a:0:{}
recalcVisitStat: 1
updateTestCustomers: 1
trimDestinationReplace: 1
scanImagesRun: 1
denormalizeProducers: 1
repairCacheSettings: 1
dropTempTablesCurrencyRates: 1
recalcWarehouse: 1
clearTempCustomers: 1


time: 2017-03-27 13:04:46
clearSearchCache: 1
checkHashTable: a:1:{s:12:"generateHash";a:1:{s:5:"cover";i:116860;}}
checkProviders: 1
checkManagers: 1
unBan: 1
archiveSearchStat: 1
syncStyles: 1
checkConcern: 1
resetRoot: 1
generateStaticPages: 1
disableCriticalSettings: a:0:{}
recalcVisitStat: 1
updateTestCustomers: 1
trimDestinationReplace: 1
scanImagesRun: 1
denormalizeProducers: 1
repairCacheSettings: 1
dropTempTablesCurrencyRates: 1
recalcWarehouse: 1
clearTempCustomers: 1


time: 2017-03-27 14:03:10
interface->isSystemVarActual: Не истек период после последней системной проверки!


time: 2017-03-27 15:03:38
clearSearchCache: 1
checkHashTable: a:1:{s:12:"generateHash";a:1:{s:5:"cover";i:116895;}}
checkProviders: 1
checkManagers: 1
unBan: 1
archiveSearchStat: 1
syncStyles: 1
checkConcern: 1
resetRoot: 1
generateStaticPages: 1
disableCriticalSettings: a:0:{}
generateOpenSSLKeys: 1
recalcVisitStat: 1
updateTestCustomers: 1
trimDestinationReplace: 1
scanImagesRun: 1
denormalizeProducers: 1
repairCacheSettings: 1
dropTempTablesCurrencyRates: 1
recalcWarehouse: 1
clearTempCustomers: 1


time: 2017-03-27 16:05:01
clearSearchCache: 1
checkHashTable: a:1:{s:12:"generateHash";a:1:{s:5:"cover";i:116901;}}
checkProviders: 1
checkManagers: 1
unBan: 1
archiveSearchStat: 1
syncStyles: 1
checkConcern: 1
resetRoot: 1
generateStaticPages: 1
disableCriticalSettings: a:0:{}
recalcVisitStat: 1
updateTestCustomers: 1
trimDestinationReplace: 1
scanImagesRun: 1
denormalizeProducers: 1
repairCacheSettings: 1
dropTempTablesCurrencyRates: 1
recalcWarehouse: 1
clearTempCustomers: 1


time: 2017-03-27 17:00:35
interface->isSystemVarActual: Не истек период после последней системной проверки!


time: 2017-03-27 18:02:51
clearSearchCache: 1
checkHashTable: a:1:{s:12:"generateHash";a:1:{s:5:"cover";i:116916;}}
checkProviders: 1
checkManagers: 1
unBan: 1
archiveSearchStat: 1
syncStyles: 1
checkConcern: 1
resetRoot: 1
generateStaticPages: 1
disableCriticalSettings: a:0:{}
recalcVisitStat: 1
updateTestCustomers: 1
trimDestinationReplace: 1
scanImagesRun: 1
denormalizeProducers: 1
repairCacheSettings: 1
dropTempTablesCurrencyRates: 1
recalcWarehouse: 1
clearTempCustomers: 1


time: 2017-03-27 19:02:56
clearSearchCache: 1
checkHashTable: a:1:{s:12:"generateHash";a:1:{s:5:"cover";i:116919;}}
checkProviders: 1
checkManagers: 1
unBan: 1
archiveSearchStat: 1
syncStyles: 1
checkConcern: 1
resetRoot: 1
generateStaticPages: 1
disableCriticalSettings: a:0:{}
recalcVisitStat: 1
updateTestCustomers: 1
trimDestinationReplace: 1
scanImagesRun: 1
denormalizeProducers: 1
repairCacheSettings: 1
dropTempTablesCurrencyRates: 1
recalcWarehouse: 1
clearTempCustomers: 1


time: 2017-03-27 20:03:44
clearSearchCache: 1
checkHashTable: a:1:{s:12:"generateHash";a:1:{s:5:"cover";i:116920;}}
checkProviders: 1
checkManagers: 1
unBan: 1
archiveSearchStat: 1
syncStyles: 1
checkConcern: 1
resetRoot: 1
generateStaticPages: 1
disableCriticalSettings: a:0:{}
recalcVisitStat: 1
updateTestCustomers: 1
trimDestinationReplace: 1
scanImagesRun: 1
denormalizeProducers: 1
repairCacheSettings: 1
dropTempTablesCurrencyRates: 1
recalcWarehouse: 1
clearTempCustomers: 1


time: 2017-03-27 21:03:11
clearSearchCache: 1
checkHashTable: a:1:{s:12:"generateHash";a:1:{s:5:"cover";i:116921;}}
checkProviders: 1
checkManagers: 1
unBan: 1
archiveSearchStat: 1
syncStyles: 1
checkConcern: 1
resetRoot: 1
generateStaticPages: 1
disableCriticalSettings: a:0:{}
recalcVisitStat: 1
updateTestCustomers: 1
trimDestinationReplace: 1
scanImagesRun: 1
denormalizeProducers: 1
repairCacheSettings: 1
dropTempTablesCurrencyRates: 1
syncDocumentsPositionsSign: 1
recalcWarehouse: 1
clearTempCustomers: 1


time: 2017-03-27 22:03:17
clearSearchCache: 1
checkHashTable: a:1:{s:12:"generateHash";a:1:{s:5:"cover";i:116922;}}
checkProviders: 1
checkManagers: 1
unBan: 1
archiveSearchStat: 1
syncStyles: 1
checkConcern: 1
resetRoot: 1
generateStaticPages: 1
disableCriticalSettings: a:0:{}
recalcVisitStat: 1
updateTestCustomers: 1
trimDestinationReplace: 1
scanImagesRun: 1
denormalizeProducers: 1
repairCacheSettings: 1
dropTempTablesCurrencyRates: 1
syncDocumentsPositionsSign: 1
recalcWarehouse: 1
clearTempCustomers: 1


time: 2017-03-27 23:03:23
clearSearchCache: 1
checkHashTable: a:1:{s:12:"generateHash";a:1:{s:5:"cover";i:116926;}}
checkProviders: 1
checkManagers: 1
unBan: 1
archiveSearchStat: 1
syncStyles: 1
checkConcern: 1
resetRoot: 1
generateStaticPages: 1
disableCriticalSettings: a:0:{}
recalcVisitStat: 1
updateTestCustomers: 1
trimDestinationReplace: 1
scanImagesRun: 1
denormalizeProducers: 1
repairCacheSettings: 1
dropTempTablesCurrencyRates: 1
syncDocumentsPositionsSign: 1
recalcWarehouse: 1
clearTempCustomers: 1


