time: 2017-04-02 00:04:41
clearSearchCache: 1
checkHashTable: a:1:{s:12:"generateHash";a:1:{s:5:"cover";i:117387;}}
checkProviders: 1
checkManagers: 1
unBan: 1
archiveSearchStat: 1
syncStyles: 1
checkConcern: 1
resetRoot: 1
generateStaticPages: 1
disableCriticalSettings: a:0:{}
recalcVisitStat: 1
updateTestCustomers: 1
trimDestinationReplace: 1
scanImagesRun: 1
denormalizeProducers: 1
repairCacheSettings: 1
dropTempTablesCurrencyRates: 1
recalcWarehouse: 1
clearTempCustomers: 1


time: 2017-04-02 01:03:33
clearSearchCache: 1
checkHashTable: a:1:{s:12:"generateHash";a:1:{s:5:"cover";i:117388;}}
checkProviders: 1
checkManagers: 1
unBan: 1
archiveSearchStat: 1
syncStyles: 1
checkConcern: 1
resetRoot: 1
generateStaticPages: 1
disableCriticalSettings: a:0:{}
recalcVisitStat: 1
updateTestCustomers: 1
trimDestinationReplace: 1
scanImagesRun: 1
denormalizeProducers: 1
repairCacheSettings: 1
dropTempTablesCurrencyRates: 1
recalcWarehouse: 1
clearTempCustomers: 1


time: 2017-04-02 02:03:43
clearSearchCache: 1
checkHashTable: a:1:{s:12:"generateHash";a:1:{s:5:"cover";i:117389;}}
checkProviders: 1
checkManagers: 1
unBan: 1
archiveSearchStat: 1
syncStyles: 1
checkConcern: 1
resetRoot: 1
generateStaticPages: 1
disableCriticalSettings: a:0:{}
recalcVisitStat: 1
updateTestCustomers: 1
trimDestinationReplace: 1
scanImagesRun: 1
denormalizeProducers: 1
repairCacheSettings: 1
dropTempTablesCurrencyRates: 1
recalcWarehouse: 1
clearTempCustomers: 1


time: 2017-04-02 03:03:52
clearSearchCache: 1
checkHashTable: a:1:{s:12:"generateHash";a:1:{s:5:"cover";i:117391;}}
checkProviders: 1
checkManagers: 1
unBan: 1
archiveSearchStat: 1
syncStyles: 1
checkConcern: 1
resetRoot: 1
generateStaticPages: 1
disableCriticalSettings: a:0:{}
recalcVisitStat: 1
updateTestCustomers: 1
trimDestinationReplace: 1
scanImagesRun: 1
denormalizeProducers: 1
repairCacheSettings: 1
dropTempTablesCurrencyRates: 1
recalcWarehouse: 1
clearTempCustomers: 1


time: 2017-04-02 04:04:32
clearSearchCache: 1
checkHashTable: a:1:{s:12:"generateHash";a:1:{s:5:"cover";i:117392;}}
checkProviders: 1
checkManagers: 1
unBan: 1
archiveSearchStat: 1
syncStyles: 1
checkConcern: 1
resetRoot: 1
generateStaticPages: 1
disableCriticalSettings: a:0:{}
recalcVisitStat: 1
updateTestCustomers: 1
trimDestinationReplace: 1
scanImagesRun: 1
denormalizeProducers: 1
repairCacheSettings: 1
dropTempTablesCurrencyRates: 1
recalcWarehouse: 1
clearTempCustomers: 1


time: 2017-04-02 05:04:48
clearSearchCache: 1
checkHashTable: a:1:{s:12:"generateHash";a:1:{s:5:"cover";i:117393;}}
checkProviders: 1
checkManagers: 1
unBan: 1
archiveSearchStat: 1
syncStyles: 1
checkConcern: 1
resetRoot: 1
generateStaticPages: 1
disableCriticalSettings: a:0:{}
recalcVisitStat: 1
updateTestCustomers: 1
trimDestinationReplace: 1
scanImagesRun: 1
denormalizeProducers: 1
repairCacheSettings: 1
dropTempTablesCurrencyRates: 1
recalcWarehouse: 1
clearTempCustomers: 1


time: 2017-04-02 06:03:56
clearSearchCache: 1
checkHashTable: a:1:{s:12:"generateHash";a:1:{s:5:"cover";i:117394;}}
checkProviders: 1
checkManagers: 1
unBan: 1
archiveSearchStat: 1
syncStyles: 1
checkConcern: 1
resetRoot: 1
generateStaticPages: 1
disableCriticalSettings: a:0:{}
recalcVisitStat: 1
updateTestCustomers: 1
trimDestinationReplace: 1
scanImagesRun: 1
denormalizeProducers: 1
repairCacheSettings: 1
dropTempTablesCurrencyRates: 1
recalcWarehouse: 1
clearTempCustomers: 1


time: 2017-04-02 07:04:27
clearSearchCache: 1
checkHashTable: a:1:{s:12:"generateHash";a:1:{s:5:"cover";i:117396;}}
checkProviders: 1
checkManagers: 1
unBan: 1
archiveSearchStat: 1
syncStyles: 1
checkConcern: 1
resetRoot: 1
generateStaticPages: 1
disableCriticalSettings: a:0:{}
recalcVisitStat: 1
updateTestCustomers: 1
trimDestinationReplace: 1
scanImagesRun: 1
denormalizeProducers: 1
repairCacheSettings: 1
dropTempTablesCurrencyRates: 1
recalcWarehouse: 1
clearTempCustomers: 1


time: 2017-04-02 08:04:47
clearSearchCache: 1
checkHashTable: a:1:{s:12:"generateHash";a:1:{s:5:"cover";i:117397;}}
checkProviders: 1
checkManagers: 1
unBan: 1
archiveSearchStat: 1
syncStyles: 1
checkConcern: 1
resetRoot: 1
generateStaticPages: 1
disableCriticalSettings: a:0:{}
recalcVisitStat: 1
updateTestCustomers: 1
trimDestinationReplace: 1
scanImagesRun: 1
denormalizeProducers: 1
repairCacheSettings: 1
dropTempTablesCurrencyRates: 1
recalcWarehouse: 1
clearTempCustomers: 1


time: 2017-04-02 09:04:12
clearSearchCache: 1
checkHashTable: a:1:{s:12:"generateHash";a:1:{s:5:"cover";i:117398;}}
checkProviders: 1
checkManagers: 1
unBan: 1
archiveSearchStat: 1
syncStyles: 1
checkConcern: 1
resetRoot: 1
generateStaticPages: 1
disableCriticalSettings: a:0:{}
recalcVisitStat: 1
updateTestCustomers: 1
trimDestinationReplace: 1
scanImagesRun: 1
denormalizeProducers: 1
repairCacheSettings: 1
dropTempTablesCurrencyRates: 1
recalcWarehouse: 1
clearTempCustomers: 1


time: 2017-04-02 10:02:13
interface->isSystemVarActual: Не истек период после последней системной проверки!


time: 2017-04-02 11:04:06
clearSearchCache: 1
checkHashTable: a:1:{s:12:"generateHash";a:1:{s:5:"cover";i:117402;}}
checkProviders: 1
checkManagers: 1
unBan: 1
archiveSearchStat: 1
syncStyles: 1
checkConcern: 1
resetRoot: 1
generateStaticPages: 1
disableCriticalSettings: a:0:{}
recalcVisitStat: 1
updateTestCustomers: 1
trimDestinationReplace: 1
scanImagesRun: 1
denormalizeProducers: 1
repairCacheSettings: 1
dropTempTablesCurrencyRates: 1
recalcWarehouse: 1
clearTempCustomers: 1


time: 2017-04-02 12:02:03
interface->isSystemVarActual: Не истек период после последней системной проверки!


time: 2017-04-02 13:04:40
clearSearchCache: 1
checkHashTable: a:1:{s:12:"generateHash";a:1:{s:5:"cover";i:117404;}}
checkProviders: 1
checkManagers: 1
unBan: 1
archiveSearchStat: 1
syncStyles: 1
checkConcern: 1
resetRoot: 1
generateStaticPages: 1
disableCriticalSettings: a:0:{}
recalcVisitStat: 1
updateTestCustomers: 1
trimDestinationReplace: 1
scanImagesRun: 1
denormalizeProducers: 1
repairCacheSettings: 1
dropTempTablesCurrencyRates: 1
recalcWarehouse: 1
clearTempCustomers: 1


time: 2017-04-02 14:01:35
interface->isSystemVarActual: Не истек период после последней системной проверки!


time: 2017-04-02 15:04:34
clearSearchCache: 1
checkHashTable: a:1:{s:12:"generateHash";a:1:{s:5:"cover";i:117408;}}
checkProviders: 1
checkManagers: 1
unBan: 1
archiveSearchStat: 1
syncStyles: 1
checkConcern: 1
resetRoot: 1
generateStaticPages: 1
disableCriticalSettings: a:0:{}
recalcVisitStat: 1
updateTestCustomers: 1
trimDestinationReplace: 1
scanImagesRun: 1
denormalizeProducers: 1
repairCacheSettings: 1
dropTempTablesCurrencyRates: 1
recalcWarehouse: 1
clearTempCustomers: 1


time: 2017-04-02 16:05:53
clearSearchCache: 1
checkHashTable: a:1:{s:12:"generateHash";a:1:{s:5:"cover";i:117411;}}
checkProviders: 1
checkManagers: 1
unBan: 1
archiveSearchStat: 1
syncStyles: 1
checkConcern: 1
resetRoot: 1
generateStaticPages: 1
disableCriticalSettings: a:0:{}
recalcVisitStat: 1
updateTestCustomers: 1
trimDestinationReplace: 1
scanImagesRun: 1
denormalizeProducers: 1
repairCacheSettings: 1
dropTempTablesCurrencyRates: 1
recalcWarehouse: 1
clearTempCustomers: 1


time: 2017-04-02 17:01:43
interface->isSystemVarActual: Не истек период после последней системной проверки!


time: 2017-04-02 18:05:02
clearSearchCache: 1
checkHashTable: a:1:{s:12:"generateHash";a:1:{s:5:"cover";i:117413;}}
checkProviders: 1
checkManagers: 1
unBan: 1
archiveSearchStat: 1
syncStyles: 1
checkConcern: 1
resetRoot: 1
generateStaticPages: 1
disableCriticalSettings: a:0:{}
generateOpenSSLKeys: 1
recalcVisitStat: 1
updateTestCustomers: 1
trimDestinationReplace: 1
scanImagesRun: 1
denormalizeProducers: 1
repairCacheSettings: 1
dropTempTablesCurrencyRates: 1
recalcWarehouse: 1
clearTempCustomers: 1


time: 2017-04-02 19:02:29
interface->isSystemVarActual: Не истек период после последней системной проверки!


time: 2017-04-02 20:04:51
clearSearchCache: 1
checkHashTable: a:1:{s:12:"generateHash";a:1:{s:5:"cover";i:117415;}}
checkProviders: 1
checkManagers: 1
unBan: 1
archiveSearchStat: 1
syncStyles: 1
checkConcern: 1
resetRoot: 1
generateStaticPages: 1
disableCriticalSettings: a:0:{}
recalcVisitStat: 1
updateTestCustomers: 1
trimDestinationReplace: 1
scanImagesRun: 1
denormalizeProducers: 1
repairCacheSettings: 1
dropTempTablesCurrencyRates: 1
recalcWarehouse: 1
clearTempCustomers: 1


time: 2017-04-02 21:02:19
interface->isSystemVarActual: Не истек период после последней системной проверки!


time: 2017-04-02 22:03:31
clearSearchCache: 1
checkHashTable: a:1:{s:12:"generateHash";a:1:{s:5:"cover";i:117417;}}
checkProviders: 1
checkManagers: 1
unBan: 1
archiveSearchStat: 1
syncStyles: 1
checkConcern: 1
resetRoot: 1
generateStaticPages: 1
disableCriticalSettings: a:0:{}
recalcVisitStat: 1
updateTestCustomers: 1
trimDestinationReplace: 1
scanImagesRun: 1
denormalizeProducers: 1
repairCacheSettings: 1
dropTempTablesCurrencyRates: 1
syncDocumentsPositionsSign: 1
recalcWarehouse: 1
clearTempCustomers: 1


time: 2017-04-02 23:04:18
clearSearchCache: 1
checkHashTable: a:1:{s:12:"generateHash";a:1:{s:5:"cover";i:117419;}}
checkProviders: 1
checkManagers: 1
unBan: 1
archiveSearchStat: 1
syncStyles: 1
checkConcern: 1
resetRoot: 1
generateStaticPages: 1
disableCriticalSettings: a:0:{}
recalcVisitStat: 1
updateTestCustomers: 1
trimDestinationReplace: 1
scanImagesRun: 1
denormalizeProducers: 1
repairCacheSettings: 1
dropTempTablesCurrencyRates: 1
syncDocumentsPositionsSign: 1
recalcWarehouse: 1
clearTempCustomers: 1


