time: 2017-03-29 00:02:55
clearSearchCache: 1
checkHashTable: a:1:{s:12:"generateHash";a:1:{s:5:"cover";i:117045;}}
checkProviders: 1
checkManagers: 1
unBan: 1
archiveSearchStat: 1
syncStyles: 1
checkConcern: 1
resetRoot: 1
generateStaticPages: 1
disableCriticalSettings: a:0:{}
recalcVisitStat: 1
updateTestCustomers: 1
trimDestinationReplace: 1
scanImagesRun: 1
denormalizeProducers: 1
repairCacheSettings: 1
dropTempTablesCurrencyRates: 1
recalcWarehouse: 1
clearTempCustomers: 1


time: 2017-03-29 01:02:57
clearSearchCache: 1
checkHashTable: a:1:{s:12:"generateHash";a:1:{s:5:"cover";i:117046;}}
checkProviders: 1
checkManagers: 1
unBan: 1
archiveSearchStat: 1
syncStyles: 1
checkConcern: 1
resetRoot: 1
generateStaticPages: 1
disableCriticalSettings: a:0:{}
recalcVisitStat: 1
updateTestCustomers: 1
trimDestinationReplace: 1
scanImagesRun: 1
denormalizeProducers: 1
repairCacheSettings: 1
dropTempTablesCurrencyRates: 1
recalcWarehouse: 1
clearTempCustomers: 1


time: 2017-03-29 02:04:43
clearSearchCache: 1
checkHashTable: a:1:{s:12:"generateHash";a:1:{s:5:"cover";i:117047;}}
checkProviders: 1
checkManagers: 1
unBan: 1
archiveSearchStat: 1
syncStyles: 1
checkConcern: 1
resetRoot: 1
generateStaticPages: 1
disableCriticalSettings: a:0:{}
recalcVisitStat: 1
updateTestCustomers: 1
trimDestinationReplace: 1
scanImagesRun: 1
denormalizeProducers: 1
repairCacheSettings: 1
dropTempTablesCurrencyRates: 1
recalcWarehouse: 1
clearTempCustomers: 1


time: 2017-03-29 03:00:54
interface->isSystemVarActual: Не истек период после последней системной проверки!


time: 2017-03-29 04:04:19
clearSearchCache: 1
checkHashTable: a:1:{s:12:"generateHash";a:1:{s:5:"cover";i:117049;}}
checkProviders: 1
checkManagers: 1
unBan: 1
archiveSearchStat: 1
syncStyles: 1
checkConcern: 1
resetRoot: 1
generateStaticPages: 1
disableCriticalSettings: a:0:{}
recalcVisitStat: 1
updateTestCustomers: 1
trimDestinationReplace: 1
scanImagesRun: 1
denormalizeProducers: 1
repairCacheSettings: 1
dropTempTablesCurrencyRates: 1
recalcWarehouse: 1
clearTempCustomers: 1


time: 2017-03-29 05:04:21
clearSearchCache: 1
checkHashTable: a:1:{s:12:"generateHash";a:1:{s:5:"cover";i:117050;}}
checkProviders: 1
checkManagers: 1
unBan: 1
archiveSearchStat: 1
syncStyles: 1
checkConcern: 1
resetRoot: 1
generateStaticPages: 1
disableCriticalSettings: a:0:{}
recalcVisitStat: 1
updateTestCustomers: 1
trimDestinationReplace: 1
scanImagesRun: 1
denormalizeProducers: 1
repairCacheSettings: 1
dropTempTablesCurrencyRates: 1
recalcWarehouse: 1
clearTempCustomers: 1


time: 2017-03-29 06:03:35
clearSearchCache: 1
checkHashTable: a:1:{s:12:"generateHash";a:1:{s:5:"cover";i:117051;}}
checkProviders: 1
checkManagers: 1
unBan: 1
archiveSearchStat: 1
syncStyles: 1
checkConcern: 1
resetRoot: 1
generateStaticPages: 1
disableCriticalSettings: a:0:{}
recalcVisitStat: 1
updateTestCustomers: 1
trimDestinationReplace: 1
scanImagesRun: 1
denormalizeProducers: 1
repairCacheSettings: 1
dropTempTablesCurrencyRates: 1
recalcWarehouse: 1
clearTempCustomers: 1


time: 2017-03-29 07:03:21
clearSearchCache: 1
checkHashTable: a:1:{s:12:"generateHash";a:1:{s:5:"cover";i:117053;}}
checkProviders: 1
checkManagers: 1
unBan: 1
archiveSearchStat: 1
syncStyles: 1
checkConcern: 1
resetRoot: 1
generateStaticPages: 1
disableCriticalSettings: a:0:{}
recalcVisitStat: 1
updateTestCustomers: 1
trimDestinationReplace: 1
scanImagesRun: 1
denormalizeProducers: 1
repairCacheSettings: 1
dropTempTablesCurrencyRates: 1
recalcWarehouse: 1
clearTempCustomers: 1


time: 2017-03-29 08:04:08
clearSearchCache: 1
checkHashTable: a:1:{s:12:"generateHash";a:1:{s:5:"cover";i:117054;}}
checkProviders: 1
checkManagers: 1
unBan: 1
archiveSearchStat: 1
syncStyles: 1
checkConcern: 1
resetRoot: 1
generateStaticPages: 1
disableCriticalSettings: a:0:{}
recalcVisitStat: 1
updateTestCustomers: 1
trimDestinationReplace: 1
scanImagesRun: 1
denormalizeProducers: 1
repairCacheSettings: 1
dropTempTablesCurrencyRates: 1
recalcWarehouse: 1
clearTempCustomers: 1


time: 2017-03-29 09:03:26
clearSearchCache: 1
checkHashTable: a:1:{s:12:"generateHash";a:1:{s:5:"cover";i:117055;}}
checkProviders: 1
checkManagers: 1
unBan: 1
archiveSearchStat: 1
syncStyles: 1
checkConcern: 1
resetRoot: 1
generateStaticPages: 1
disableCriticalSettings: a:0:{}
recalcVisitStat: 1
updateTestCustomers: 1
trimDestinationReplace: 1
scanImagesRun: 1
denormalizeProducers: 1
repairCacheSettings: 1
dropTempTablesCurrencyRates: 1
recalcWarehouse: 1
clearTempCustomers: 1


time: 2017-03-29 10:04:21
clearSearchCache: 1
checkHashTable: a:1:{s:12:"generateHash";a:1:{s:5:"cover";i:117061;}}
checkProviders: 1
checkManagers: 1
unBan: 1
archiveSearchStat: 1
syncStyles: 1
checkConcern: 1
resetRoot: 1
generateStaticPages: 1
disableCriticalSettings: a:0:{}
recalcVisitStat: 1
updateTestCustomers: 1
trimDestinationReplace: 1
scanImagesRun: 1
denormalizeProducers: 1
repairCacheSettings: 1
dropTempTablesCurrencyRates: 1
recalcWarehouse: 1
clearTempCustomers: 1


time: 2017-03-29 11:04:16
clearSearchCache: 1
checkHashTable: a:1:{s:12:"generateHash";a:1:{s:5:"cover";i:117073;}}
checkProviders: 1
checkManagers: 1
unBan: 1
archiveSearchStat: 1
syncStyles: 1
checkConcern: 1
resetRoot: 1
generateStaticPages: 1
disableCriticalSettings: a:0:{}
recalcVisitStat: 1
updateTestCustomers: 1
trimDestinationReplace: 1
scanImagesRun: 1
denormalizeProducers: 1
repairCacheSettings: 1
dropTempTablesCurrencyRates: 1
recalcWarehouse: 1
clearTempCustomers: 1


time: 2017-03-29 12:01:08
interface->isSystemVarActual: Не истек период после последней системной проверки!


time: 2017-03-29 13:05:47
clearSearchCache: 1
checkHashTable: a:1:{s:12:"generateHash";a:1:{s:5:"cover";i:117111;}}
checkProviders: 1
checkManagers: 1
unBan: 1
archiveSearchStat: 1
syncStyles: 1
checkConcern: 1
resetRoot: 1
generateStaticPages: 1
disableCriticalSettings: a:0:{}
recalcVisitStat: 1
updateTestCustomers: 1
trimDestinationReplace: 1
scanImagesRun: 1
denormalizeProducers: 1
repairCacheSettings: 1
dropTempTablesCurrencyRates: 1
recalcWarehouse: 1
clearTempCustomers: 1


time: 2017-03-29 14:05:03
clearSearchCache: 1
checkHashTable: a:1:{s:12:"generateHash";a:1:{s:5:"cover";i:117120;}}
checkProviders: 1
checkManagers: 1
unBan: 1
archiveSearchStat: 1
syncStyles: 1
checkConcern: 1
resetRoot: 1
generateStaticPages: 1
disableCriticalSettings: a:0:{}
recalcVisitStat: 1
updateTestCustomers: 1
trimDestinationReplace: 1
scanImagesRun: 1
denormalizeProducers: 1
repairCacheSettings: 1
dropTempTablesCurrencyRates: 1
recalcWarehouse: 1
clearTempCustomers: 1


time: 2017-03-29 15:05:29
clearSearchCache: 1
checkHashTable: a:1:{s:12:"generateHash";a:1:{s:5:"cover";i:117130;}}
checkProviders: 1
checkManagers: 1
unBan: 1
archiveSearchStat: 1
syncStyles: 1
checkConcern: 1
resetRoot: 1
generateStaticPages: 1
disableCriticalSettings: a:0:{}
generateOpenSSLKeys: 1
recalcVisitStat: 1
updateTestCustomers: 1
trimDestinationReplace: 1
scanImagesRun: 1
denormalizeProducers: 1
repairCacheSettings: 1
dropTempTablesCurrencyRates: 1
recalcWarehouse: 1
clearTempCustomers: 1


time: 2017-03-29 16:05:09
clearSearchCache: 1
checkHashTable: a:1:{s:12:"generateHash";a:1:{s:5:"cover";i:117155;}}
checkProviders: 1
checkManagers: 1
unBan: 1
archiveSearchStat: 1
syncStyles: 1
checkConcern: 1
resetRoot: 1
generateStaticPages: 1
disableCriticalSettings: a:0:{}
recalcVisitStat: 1
updateTestCustomers: 1
trimDestinationReplace: 1
scanImagesRun: 1
denormalizeProducers: 1
repairCacheSettings: 1
dropTempTablesCurrencyRates: 1
recalcWarehouse: 1
clearTempCustomers: 1


time: 2017-03-29 17:02:14
interface->isSystemVarActual: Не истек период после последней системной проверки!


time: 2017-03-29 18:05:17
clearSearchCache: 1
checkHashTable: a:1:{s:12:"generateHash";a:1:{s:5:"cover";i:117179;}}
checkProviders: 1
checkManagers: 1
unBan: 1
archiveSearchStat: 1
syncStyles: 1
checkConcern: 1
resetRoot: 1
generateStaticPages: 1
disableCriticalSettings: a:0:{}
recalcVisitStat: 1
updateTestCustomers: 1
trimDestinationReplace: 1
scanImagesRun: 1
denormalizeProducers: 1
repairCacheSettings: 1
dropTempTablesCurrencyRates: 1
recalcWarehouse: 1
clearTempCustomers: 1


time: 2017-03-29 19:03:48
interface->isSystemVarActual: Не истек период после последней системной проверки!


time: 2017-03-29 20:05:31
clearSearchCache: 1
checkHashTable: a:1:{s:12:"generateHash";a:1:{s:5:"cover";i:117183;}}
checkProviders: 1
checkManagers: 1
unBan: 1
archiveSearchStat: 1
syncStyles: 1
checkConcern: 1
resetRoot: 1
generateStaticPages: 1
disableCriticalSettings: a:0:{}
recalcVisitStat: 1
updateTestCustomers: 1
trimDestinationReplace: 1
scanImagesRun: 1
denormalizeProducers: 1
repairCacheSettings: 1
dropTempTablesCurrencyRates: 1
recalcWarehouse: 1
clearTempCustomers: 1


time: 2017-03-29 21:01:09
interface->isSystemVarActual: Не истек период после последней системной проверки!


time: 2017-03-29 22:03:39
clearSearchCache: 1
checkHashTable: a:1:{s:12:"generateHash";a:1:{s:5:"cover";i:117185;}}
checkProviders: 1
checkManagers: 1
unBan: 1
archiveSearchStat: 1
syncStyles: 1
checkConcern: 1
resetRoot: 1
generateStaticPages: 1
disableCriticalSettings: a:0:{}
recalcVisitStat: 1
updateTestCustomers: 1
trimDestinationReplace: 1
scanImagesRun: 1
denormalizeProducers: 1
repairCacheSettings: 1
dropTempTablesCurrencyRates: 1
syncDocumentsPositionsSign: 1
recalcWarehouse: 1
clearTempCustomers: 1


time: 2017-03-29 23:04:06
clearSearchCache: 1
checkHashTable: a:1:{s:12:"generateHash";a:1:{s:5:"cover";i:117187;}}
checkProviders: 1
checkManagers: 1
unBan: 1
archiveSearchStat: 1
syncStyles: 1
checkConcern: 1
resetRoot: 1
generateStaticPages: 1
disableCriticalSettings: a:0:{}
recalcVisitStat: 1
updateTestCustomers: 1
trimDestinationReplace: 1
scanImagesRun: 1
denormalizeProducers: 1
repairCacheSettings: 1
dropTempTablesCurrencyRates: 1
syncDocumentsPositionsSign: 1
recalcWarehouse: 1
clearTempCustomers: 1


