time: 2017-03-24 00:51:35
interface->isSystemVarActual: Не истек период после последней системной проверки!


time: 2017-03-24 01:52:51
clearSearchCache: 1
checkHashTable: a:1:{s:12:"generateHash";a:1:{s:5:"cover";i:116660;}}
checkProviders: 1
checkManagers: 1
unBan: 1
archiveSearchStat: 1
syncStyles: 1
checkConcern: 1
resetRoot: 1
generateStaticPages: 1
disableCriticalSettings: a:0:{}
recalcVisitStat: 1
updateTestCustomers: 1
trimDestinationReplace: 1
scanImagesRun: 1
denormalizeProducers: 1
repairCacheSettings: 1
dropTempTablesCurrencyRates: 1
recalcWarehouse: 1
clearTempCustomers: 1


time: 2017-03-24 02:52:22
clearSearchCache: 1
checkHashTable: a:1:{s:12:"generateHash";a:1:{s:5:"cover";i:116661;}}
checkProviders: 1
checkManagers: 1
unBan: 1
archiveSearchStat: 1
syncStyles: 1
checkConcern: 1
resetRoot: 1
generateStaticPages: 1
disableCriticalSettings: a:0:{}
recalcVisitStat: 1
updateTestCustomers: 1
trimDestinationReplace: 1
scanImagesRun: 1
denormalizeProducers: 1
repairCacheSettings: 1
dropTempTablesCurrencyRates: 1
recalcWarehouse: 1
clearTempCustomers: 1


time: 2017-03-24 03:54:12
clearSearchCache: 1
checkHashTable: a:1:{s:12:"generateHash";a:1:{s:5:"cover";i:116662;}}
checkProviders: 1
checkManagers: 1
unBan: 1
archiveSearchStat: 1
syncStyles: 1
checkConcern: 1
resetRoot: 1
generateStaticPages: 1
disableCriticalSettings: a:0:{}
recalcVisitStat: 1
updateTestCustomers: 1
trimDestinationReplace: 1
scanImagesRun: 1
denormalizeProducers: 1
repairCacheSettings: 1
dropTempTablesCurrencyRates: 1
recalcWarehouse: 1
clearTempCustomers: 1


time: 2017-03-24 04:52:02
interface->isSystemVarActual: Не истек период после последней системной проверки!


time: 2017-03-24 05:53:24
clearSearchCache: 1
checkHashTable: a:1:{s:12:"generateHash";a:1:{s:5:"cover";i:116664;}}
checkProviders: 1
checkManagers: 1
unBan: 1
archiveSearchStat: 1
syncStyles: 1
checkConcern: 1
resetRoot: 1
generateStaticPages: 1
disableCriticalSettings: a:0:{}
recalcVisitStat: 1
updateTestCustomers: 1
trimDestinationReplace: 1
scanImagesRun: 1
denormalizeProducers: 1
repairCacheSettings: 1
dropTempTablesCurrencyRates: 1
recalcWarehouse: 1
clearTempCustomers: 1


time: 2017-03-24 06:54:07
clearSearchCache: 1
checkHashTable: a:1:{s:12:"generateHash";a:1:{s:5:"cover";i:116666;}}
checkProviders: 1
checkManagers: 1
unBan: 1
archiveSearchStat: 1
syncStyles: 1
checkConcern: 1
resetRoot: 1
generateStaticPages: 1
disableCriticalSettings: a:0:{}
recalcVisitStat: 1
updateTestCustomers: 1
trimDestinationReplace: 1
scanImagesRun: 1
denormalizeProducers: 1
repairCacheSettings: 1
dropTempTablesCurrencyRates: 1
recalcWarehouse: 1
clearTempCustomers: 1


time: 2017-03-24 07:54:35
clearSearchCache: 1
checkHashTable: a:1:{s:12:"generateHash";a:1:{s:5:"cover";i:116667;}}
checkProviders: 1
checkManagers: 1
unBan: 1
archiveSearchStat: 1
syncStyles: 1
checkConcern: 1
resetRoot: 1
generateStaticPages: 1
disableCriticalSettings: a:0:{}
recalcVisitStat: 1
updateTestCustomers: 1
trimDestinationReplace: 1
scanImagesRun: 1
denormalizeProducers: 1
repairCacheSettings: 1
dropTempTablesCurrencyRates: 1
recalcWarehouse: 1
clearTempCustomers: 1


time: 2017-03-24 08:52:12
interface->isSystemVarActual: Не истек период после последней системной проверки!


time: 2017-03-24 09:54:36
clearSearchCache: 1
checkHashTable: a:1:{s:12:"generateHash";a:1:{s:5:"cover";i:116671;}}
checkProviders: 1
checkManagers: 1
unBan: 1
archiveSearchStat: 1
syncStyles: 1
checkConcern: 1
resetRoot: 1
generateStaticPages: 1
disableCriticalSettings: a:0:{}
recalcVisitStat: 1
updateTestCustomers: 1
trimDestinationReplace: 1
scanImagesRun: 1
denormalizeProducers: 1
repairCacheSettings: 1
dropTempTablesCurrencyRates: 1
recalcWarehouse: 1
clearTempCustomers: 1


time: 2017-03-24 10:51:54
interface->isSystemVarActual: Не истек период после последней системной проверки!


time: 2017-03-24 11:55:42
clearSearchCache: 1
checkHashTable: a:1:{s:12:"generateHash";a:1:{s:5:"cover";i:116697;}}
checkProviders: 1
checkManagers: 1
unBan: 1
archiveSearchStat: 1
syncStyles: 1
checkConcern: 1
resetRoot: 1
generateStaticPages: 1
disableCriticalSettings: a:0:{}
recalcVisitStat: 1
updateTestCustomers: 1
trimDestinationReplace: 1
scanImagesRun: 1
denormalizeProducers: 1
repairCacheSettings: 1
dropTempTablesCurrencyRates: 1
recalcWarehouse: 1
clearTempCustomers: 1


time: 2017-03-24 12:52:37
interface->isSystemVarActual: Не истек период после последней системной проверки!


time: 2017-03-24 13:53:05
clearSearchCache: 1
checkHashTable: a:1:{s:12:"generateHash";a:1:{s:5:"cover";i:116717;}}
checkProviders: 1
checkManagers: 1
unBan: 1
archiveSearchStat: 1
syncStyles: 1
checkConcern: 1
resetRoot: 1
generateStaticPages: 1
disableCriticalSettings: a:0:{}
generateOpenSSLKeys: 1
recalcVisitStat: 1
updateTestCustomers: 1
trimDestinationReplace: 1
scanImagesRun: 1
denormalizeProducers: 1
repairCacheSettings: 1
dropTempTablesCurrencyRates: 1
recalcWarehouse: 1
clearTempCustomers: 1


time: 2017-03-24 14:53:52
clearSearchCache: 1
checkHashTable: a:1:{s:12:"generateHash";a:1:{s:5:"cover";i:116721;}}
checkProviders: 1
checkManagers: 1
unBan: 1
archiveSearchStat: 1
syncStyles: 1
checkConcern: 1
resetRoot: 1
generateStaticPages: 1
disableCriticalSettings: a:0:{}
recalcVisitStat: 1
updateTestCustomers: 1
trimDestinationReplace: 1
scanImagesRun: 1
denormalizeProducers: 1
repairCacheSettings: 1
dropTempTablesCurrencyRates: 1
recalcWarehouse: 1
clearTempCustomers: 1


time: 2017-03-24 15:53:36
clearSearchCache: 1
checkHashTable: a:1:{s:12:"generateHash";a:1:{s:5:"cover";i:116724;}}
checkProviders: 1
checkManagers: 1
unBan: 1
archiveSearchStat: 1
syncStyles: 1
checkConcern: 1
resetRoot: 1
generateStaticPages: 1
disableCriticalSettings: a:0:{}
recalcVisitStat: 1
updateTestCustomers: 1
trimDestinationReplace: 1
scanImagesRun: 1
denormalizeProducers: 1
repairCacheSettings: 1
dropTempTablesCurrencyRates: 1
recalcWarehouse: 1
clearTempCustomers: 1


time: 2017-03-24 16:53:02
clearSearchCache: 1
checkHashTable: a:1:{s:12:"generateHash";a:1:{s:5:"cover";i:116726;}}
checkProviders: 1
checkManagers: 1
unBan: 1
archiveSearchStat: 1
syncStyles: 1
checkConcern: 1
resetRoot: 1
generateStaticPages: 1
disableCriticalSettings: a:0:{}
recalcVisitStat: 1
updateTestCustomers: 1
trimDestinationReplace: 1
scanImagesRun: 1
denormalizeProducers: 1
repairCacheSettings: 1
dropTempTablesCurrencyRates: 1
recalcWarehouse: 1
clearTempCustomers: 1


time: 2017-03-24 17:53:05
clearSearchCache: 1
checkHashTable: a:1:{s:12:"generateHash";a:1:{s:5:"cover";i:116730;}}
checkProviders: 1
checkManagers: 1
unBan: 1
archiveSearchStat: 1
syncStyles: 1
checkConcern: 1
resetRoot: 1
generateStaticPages: 1
disableCriticalSettings: a:0:{}
recalcVisitStat: 1
updateTestCustomers: 1
trimDestinationReplace: 1
scanImagesRun: 1
denormalizeProducers: 1
repairCacheSettings: 1
dropTempTablesCurrencyRates: 1
recalcWarehouse: 1
clearTempCustomers: 1


time: 2017-03-24 18:53:25
clearSearchCache: 1
checkHashTable: a:1:{s:12:"generateHash";a:1:{s:5:"cover";i:116732;}}
checkProviders: 1
checkManagers: 1
unBan: 1
archiveSearchStat: 1
syncStyles: 1
checkConcern: 1
resetRoot: 1
generateStaticPages: 1
disableCriticalSettings: a:0:{}
recalcVisitStat: 1
updateTestCustomers: 1
trimDestinationReplace: 1
scanImagesRun: 1
denormalizeProducers: 1
repairCacheSettings: 1
dropTempTablesCurrencyRates: 1
recalcWarehouse: 1
clearTempCustomers: 1


time: 2017-03-24 19:50:19
interface->isSystemVarActual: Не истек период после последней системной проверки!


time: 2017-03-24 20:53:39
clearSearchCache: 1
checkHashTable: a:1:{s:12:"generateHash";a:1:{s:5:"cover";i:116737;}}
checkProviders: 1
checkManagers: 1
unBan: 1
archiveSearchStat: 1
syncStyles: 1
checkConcern: 1
resetRoot: 1
generateStaticPages: 1
disableCriticalSettings: a:0:{}
recalcVisitStat: 1
updateTestCustomers: 1
trimDestinationReplace: 1
scanImagesRun: 1
denormalizeProducers: 1
repairCacheSettings: 1
dropTempTablesCurrencyRates: 1
recalcWarehouse: 1
clearTempCustomers: 1


time: 2017-03-24 21:53:21
clearSearchCache: 1
checkHashTable: a:1:{s:12:"generateHash";a:1:{s:5:"cover";i:116739;}}
checkProviders: 1
checkManagers: 1
unBan: 1
archiveSearchStat: 1
syncStyles: 1
checkConcern: 1
resetRoot: 1
generateStaticPages: 1
disableCriticalSettings: a:0:{}
recalcVisitStat: 1
updateTestCustomers: 1
trimDestinationReplace: 1
scanImagesRun: 1
denormalizeProducers: 1
repairCacheSettings: 1
dropTempTablesCurrencyRates: 1
syncDocumentsPositionsSign: 1
recalcWarehouse: 1
clearTempCustomers: 1


time: 2017-03-24 22:53:41
clearSearchCache: 1
checkHashTable: a:1:{s:12:"generateHash";a:1:{s:5:"cover";i:116742;}}
checkProviders: 1
checkManagers: 1
unBan: 1
archiveSearchStat: 1
syncStyles: 1
checkConcern: 1
resetRoot: 1
generateStaticPages: 1
disableCriticalSettings: a:0:{}
recalcVisitStat: 1
updateTestCustomers: 1
trimDestinationReplace: 1
scanImagesRun: 1
denormalizeProducers: 1
repairCacheSettings: 1
dropTempTablesCurrencyRates: 1
syncDocumentsPositionsSign: 1
recalcWarehouse: 1
clearTempCustomers: 1


time: 2017-03-24 23:53:37
clearSearchCache: 1
checkHashTable: a:1:{s:12:"generateHash";a:1:{s:5:"cover";i:116743;}}
checkProviders: 1
checkManagers: 1
unBan: 1
archiveSearchStat: 1
syncStyles: 1
checkConcern: 1
resetRoot: 1
generateStaticPages: 1
disableCriticalSettings: a:0:{}
recalcVisitStat: 1
updateTestCustomers: 1
trimDestinationReplace: 1
scanImagesRun: 1
denormalizeProducers: 1
repairCacheSettings: 1
dropTempTablesCurrencyRates: 1
syncDocumentsPositionsSign: 1
recalcWarehouse: 1
clearTempCustomers: 1


