time: 2017-03-30 00:03:27
clearSearchCache: 1
checkHashTable: a:1:{s:12:"generateHash";a:1:{s:5:"cover";i:117188;}}
checkProviders: 1
checkManagers: 1
unBan: 1
archiveSearchStat: 1
syncStyles: 1
checkConcern: 1
resetRoot: 1
generateStaticPages: 1
disableCriticalSettings: a:0:{}
recalcVisitStat: 1
updateTestCustomers: 1
trimDestinationReplace: 1
scanImagesRun: 1
denormalizeProducers: 1
repairCacheSettings: 1
dropTempTablesCurrencyRates: 1
recalcWarehouse: 1
clearTempCustomers: 1


time: 2017-03-30 01:03:30
clearSearchCache: 1
checkHashTable: a:1:{s:12:"generateHash";a:1:{s:5:"cover";i:117189;}}
checkProviders: 1
checkManagers: 1
unBan: 1
archiveSearchStat: 1
syncStyles: 1
checkConcern: 1
resetRoot: 1
generateStaticPages: 1
disableCriticalSettings: a:0:{}
recalcVisitStat: 1
updateTestCustomers: 1
trimDestinationReplace: 1
scanImagesRun: 1
denormalizeProducers: 1
repairCacheSettings: 1
dropTempTablesCurrencyRates: 1
recalcWarehouse: 1
clearTempCustomers: 1


time: 2017-03-30 02:04:42
clearSearchCache: 1
checkHashTable: a:1:{s:12:"generateHash";a:1:{s:5:"cover";i:117190;}}
checkProviders: 1
checkManagers: 1
unBan: 1
archiveSearchStat: 1
syncStyles: 1
checkConcern: 1
resetRoot: 1
generateStaticPages: 1
disableCriticalSettings: a:0:{}
recalcVisitStat: 1
updateTestCustomers: 1
trimDestinationReplace: 1
scanImagesRun: 1
denormalizeProducers: 1
repairCacheSettings: 1
dropTempTablesCurrencyRates: 1
recalcWarehouse: 1
clearTempCustomers: 1


time: 2017-03-30 03:00:50
interface->isSystemVarActual: Не истек период после последней системной проверки!


time: 2017-03-30 04:05:15
clearSearchCache: 1
checkHashTable: a:1:{s:12:"generateHash";a:1:{s:5:"cover";i:117192;}}
checkProviders: 1
checkManagers: 1
unBan: 1
archiveSearchStat: 1
syncStyles: 1
checkConcern: 1
resetRoot: 1
generateStaticPages: 1
disableCriticalSettings: a:0:{}
recalcVisitStat: 1
updateTestCustomers: 1
trimDestinationReplace: 1
scanImagesRun: 1
denormalizeProducers: 1
repairCacheSettings: 1
dropTempTablesCurrencyRates: 1
recalcWarehouse: 1
clearTempCustomers: 1


time: 2017-03-30 05:04:19
clearSearchCache: 1
checkHashTable: a:1:{s:12:"generateHash";a:1:{s:5:"cover";i:117193;}}
checkProviders: 1
checkManagers: 1
unBan: 1
archiveSearchStat: 1
syncStyles: 1
checkConcern: 1
resetRoot: 1
generateStaticPages: 1
disableCriticalSettings: a:0:{}
recalcVisitStat: 1
updateTestCustomers: 1
trimDestinationReplace: 1
scanImagesRun: 1
denormalizeProducers: 1
repairCacheSettings: 1
dropTempTablesCurrencyRates: 1
recalcWarehouse: 1
clearTempCustomers: 1


time: 2017-03-30 06:06:27
clearSearchCache: 1
checkHashTable: a:1:{s:12:"generateHash";a:1:{s:5:"cover";i:117194;}}
checkProviders: 1
checkManagers: 1
unBan: 1
archiveSearchStat: 1
syncStyles: 1
checkConcern: 1
resetRoot: 1
generateStaticPages: 1
disableCriticalSettings: a:0:{}
recalcVisitStat: 1
updateTestCustomers: 1
trimDestinationReplace: 1
scanImagesRun: 1
denormalizeProducers: 1
repairCacheSettings: 1
dropTempTablesCurrencyRates: 1
recalcWarehouse: 1
clearTempCustomers: 1


time: 2017-03-30 07:01:54
interface->isSystemVarActual: Не истек период после последней системной проверки!


time: 2017-03-30 08:04:39
clearSearchCache: 1
checkHashTable: a:1:{s:12:"generateHash";a:1:{s:5:"cover";i:117197;}}
checkProviders: 1
checkManagers: 1
unBan: 1
archiveSearchStat: 1
syncStyles: 1
checkConcern: 1
resetRoot: 1
generateStaticPages: 1
disableCriticalSettings: a:0:{}
recalcVisitStat: 1
updateTestCustomers: 1
trimDestinationReplace: 1
scanImagesRun: 1
denormalizeProducers: 1
repairCacheSettings: 1
dropTempTablesCurrencyRates: 1
recalcWarehouse: 1
clearTempCustomers: 1


time: 2017-03-30 09:01:57
interface->isSystemVarActual: Не истек период после последней системной проверки!


time: 2017-03-30 10:04:52
clearSearchCache: 1
checkHashTable: a:1:{s:12:"generateHash";a:1:{s:5:"cover";i:117199;}}
checkProviders: 1
checkManagers: 1
unBan: 1
archiveSearchStat: 1
syncStyles: 1
checkConcern: 1
resetRoot: 1
generateStaticPages: 1
disableCriticalSettings: a:0:{}
recalcVisitStat: 1
updateTestCustomers: 1
trimDestinationReplace: 1
scanImagesRun: 1
denormalizeProducers: 1
repairCacheSettings: 1
dropTempTablesCurrencyRates: 1
recalcWarehouse: 1
clearTempCustomers: 1


time: 2017-03-30 11:03:35
interface->isSystemVarActual: Не истек период после последней системной проверки!


time: 2017-03-30 12:04:47
clearSearchCache: 1
checkHashTable: a:1:{s:12:"generateHash";a:1:{s:5:"cover";i:117220;}}
checkProviders: 1
checkManagers: 1
unBan: 1
archiveSearchStat: 1
syncStyles: 1
checkConcern: 1
resetRoot: 1
generateStaticPages: 1
disableCriticalSettings: a:0:{}
recalcVisitStat: 1
updateTestCustomers: 1
trimDestinationReplace: 1
scanImagesRun: 1
denormalizeProducers: 1
repairCacheSettings: 1
dropTempTablesCurrencyRates: 1
recalcWarehouse: 1
clearTempCustomers: 1


time: 2017-03-30 13:03:36
clearSearchCache: 1
checkHashTable: a:1:{s:12:"generateHash";a:1:{s:5:"cover";i:117224;}}
checkProviders: 1
checkManagers: 1
unBan: 1
archiveSearchStat: 1
syncStyles: 1
checkConcern: 1
resetRoot: 1
generateStaticPages: 1
disableCriticalSettings: a:0:{}
recalcVisitStat: 1
updateTestCustomers: 1
trimDestinationReplace: 1
scanImagesRun: 1
denormalizeProducers: 1
repairCacheSettings: 1
dropTempTablesCurrencyRates: 1
recalcWarehouse: 1
clearTempCustomers: 1


time: 2017-03-30 14:05:02
clearSearchCache: 1
checkHashTable: a:1:{s:12:"generateHash";a:1:{s:5:"cover";i:117228;}}
checkProviders: 1
checkManagers: 1
unBan: 1
archiveSearchStat: 1
syncStyles: 1
checkConcern: 1
resetRoot: 1
generateStaticPages: 1
disableCriticalSettings: a:0:{}
recalcVisitStat: 1
updateTestCustomers: 1
trimDestinationReplace: 1
scanImagesRun: 1
denormalizeProducers: 1
repairCacheSettings: 1
dropTempTablesCurrencyRates: 1
recalcWarehouse: 1
clearTempCustomers: 1


time: 2017-03-30 15:01:48
interface->isSystemVarActual: Не истек период после последней системной проверки!


time: 2017-03-30 16:05:26
clearSearchCache: 1
checkHashTable: a:1:{s:12:"generateHash";a:1:{s:5:"cover";i:117252;}}
checkProviders: 1
checkManagers: 1
unBan: 1
archiveSearchStat: 1
syncStyles: 1
checkConcern: 1
resetRoot: 1
generateStaticPages: 1
disableCriticalSettings: a:0:{}
generateOpenSSLKeys: 1
recalcVisitStat: 1
updateTestCustomers: 1
trimDestinationReplace: 1
scanImagesRun: 1
denormalizeProducers: 1
repairCacheSettings: 1
dropTempTablesCurrencyRates: 1
recalcWarehouse: 1
clearTempCustomers: 1


time: 2017-03-30 17:04:45
clearSearchCache: 1
checkHashTable: a:1:{s:12:"generateHash";a:1:{s:5:"cover";i:117260;}}
checkProviders: 1
checkManagers: 1
unBan: 1
archiveSearchStat: 1
syncStyles: 1
checkConcern: 1
resetRoot: 1
generateStaticPages: 1
disableCriticalSettings: a:0:{}
recalcVisitStat: 1
updateTestCustomers: 1
trimDestinationReplace: 1
scanImagesRun: 1
denormalizeProducers: 1
repairCacheSettings: 1
dropTempTablesCurrencyRates: 1
recalcWarehouse: 1
clearTempCustomers: 1


time: 2017-03-30 18:01:29
interface->isSystemVarActual: Не истек период после последней системной проверки!


time: 2017-03-30 19:03:17
clearSearchCache: 1
checkHashTable: a:1:{s:12:"generateHash";a:1:{s:5:"cover";i:117273;}}
checkProviders: 1
checkManagers: 1
unBan: 1
archiveSearchStat: 1
syncStyles: 1
checkConcern: 1
resetRoot: 1
generateStaticPages: 1
disableCriticalSettings: a:0:{}
recalcVisitStat: 1
updateTestCustomers: 1
trimDestinationReplace: 1
scanImagesRun: 1
denormalizeProducers: 1
repairCacheSettings: 1
dropTempTablesCurrencyRates: 1
recalcWarehouse: 1
clearTempCustomers: 1


time: 2017-03-30 20:04:27
clearSearchCache: 1
checkHashTable: a:1:{s:12:"generateHash";a:1:{s:5:"cover";i:117274;}}
checkProviders: 1
checkManagers: 1
unBan: 1
archiveSearchStat: 1
syncStyles: 1
checkConcern: 1
resetRoot: 1
generateStaticPages: 1
disableCriticalSettings: a:0:{}
recalcVisitStat: 1
updateTestCustomers: 1
trimDestinationReplace: 1
scanImagesRun: 1
denormalizeProducers: 1
repairCacheSettings: 1
dropTempTablesCurrencyRates: 1
recalcWarehouse: 1
clearTempCustomers: 1


time: 2017-03-30 21:04:36
clearSearchCache: 1
checkHashTable: a:1:{s:12:"generateHash";a:1:{s:5:"cover";i:117275;}}
checkProviders: 1
checkManagers: 1
unBan: 1
archiveSearchStat: 1
syncStyles: 1
checkConcern: 1
resetRoot: 1
generateStaticPages: 1
disableCriticalSettings: a:0:{}
recalcVisitStat: 1
updateTestCustomers: 1
trimDestinationReplace: 1
scanImagesRun: 1
denormalizeProducers: 1
repairCacheSettings: 1
dropTempTablesCurrencyRates: 1
syncDocumentsPositionsSign: 1
recalcWarehouse: 1
clearTempCustomers: 1


time: 2017-03-30 22:03:46
clearSearchCache: 1
checkHashTable: a:1:{s:12:"generateHash";a:1:{s:5:"cover";i:117276;}}
checkProviders: 1
checkManagers: 1
unBan: 1
archiveSearchStat: 1
syncStyles: 1
checkConcern: 1
resetRoot: 1
generateStaticPages: 1
disableCriticalSettings: a:0:{}
recalcVisitStat: 1
updateTestCustomers: 1
trimDestinationReplace: 1
scanImagesRun: 1
denormalizeProducers: 1
repairCacheSettings: 1
dropTempTablesCurrencyRates: 1
syncDocumentsPositionsSign: 1
recalcWarehouse: 1
clearTempCustomers: 1


time: 2017-03-30 23:01:51
interface->isSystemVarActual: Не истек период после последней системной проверки!


